0    [AWT-EventQueue-0] INFO  ca.sqlpower.architect.ArchitectUtils  - Log4J configured successfully
75285 [AWT-EventQueue-0] INFO  ca.sqlpower.sql.PlDotIni  - Beginning to read/merge new pl.ini data
75598 [AWT-EventQueue-0] INFO  ca.sqlpower.sql.PlDotIni  - Finished reading file.
75598 [AWT-EventQueue-0] INFO  ca.sqlpower.sql.PlDotIni  - Beginning to read/merge new pl.ini data
75598 [AWT-EventQueue-0] INFO  ca.sqlpower.sql.PlDotIni  - Finished reading file.
154659 [AWT-EventQueue-0] ERROR ca.sqlpower.architect.swingui.action.CheckForUpdateAction  - Fail to retrieve current version number!
154848 [AWT-EventQueue-0] ERROR ca.sqlpower.architect.swingui.ExceptionHandler  - Uncaught exception
java.lang.NullPointerException
	at ca.sqlpower.architect.swingui.action.CheckForUpdateAction.actionPerformed(CheckForUpdateAction.java:98)
	at javax.swing.AbstractButton.fireActionPerformed(AbstractButton.java:2012)
	at javax.swing.AbstractButton$Handler.actionPerformed(AbstractButton.java:2335)
	at javax.swing.DefaultButtonModel.fireActionPerformed(DefaultButtonModel.java:404)
	at javax.swing.DefaultButtonModel.setPressed(DefaultButtonModel.java:259)
	at javax.swing.AbstractButton.doClick(AbstractButton.java:374)
	at javax.swing.plaf.basic.BasicMenuItemUI.doClick(BasicMenuItemUI.java:829)
	at javax.swing.plaf.basic.BasicMenuItemUI$Handler.mouseReleased(BasicMenuItemUI.java:873)
	at java.awt.AWTEventMulticaster.mouseReleased(AWTEventMulticaster.java:289)
	at java.awt.Component.processMouseEvent(Component.java:6288)
	at javax.swing.JComponent.processMouseEvent(JComponent.java:3267)
	at java.awt.Component.processEvent(Component.java:6053)
	at java.awt.Container.processEvent(Container.java:2045)
	at java.awt.Component.dispatchEventImpl(Component.java:4649)
	at java.awt.Container.dispatchEventImpl(Container.java:2103)
	at java.awt.Component.dispatchEvent(Component.java:4475)
	at java.awt.LightweightDispatcher.retargetMouseEvent(Container.java:4633)
	at java.awt.LightweightDispatcher.processMouseEvent(Container.java:4297)
	at java.awt.LightweightDispatcher.dispatchEvent(Container.java:4227)
	at java.awt.Container.dispatchEventImpl(Container.java:2089)
	at java.awt.Window.dispatchEventImpl(Window.java:2587)
	at java.awt.Component.dispatchEvent(Component.java:4475)
	at java.awt.EventQueue.dispatchEventImpl(EventQueue.java:675)
	at java.awt.EventQueue.access$300(EventQueue.java:96)
	at java.awt.EventQueue$2.run(EventQueue.java:634)
	at java.awt.EventQueue$2.run(EventQueue.java:632)
	at java.security.AccessController.doPrivileged(Native Method)
	at java.security.AccessControlContext$1.doIntersectionPrivilege(AccessControlContext.java:108)
	at java.security.AccessControlContext$1.doIntersectionPrivilege(AccessControlContext.java:119)
	at java.awt.EventQueue$3.run(EventQueue.java:648)
	at java.awt.EventQueue$3.run(EventQueue.java:646)
	at java.security.AccessController.doPrivileged(Native Method)
	at java.security.AccessControlContext$1.doIntersectionPrivilege(AccessControlContext.java:108)
	at java.awt.EventQueue.dispatchEvent(EventQueue.java:645)
	at java.awt.EventDispatchThread.pumpOneEventForFilters(EventDispatchThread.java:275)
	at java.awt.EventDispatchThread.pumpEventsForFilter(EventDispatchThread.java:200)
	at java.awt.EventDispatchThread.pumpEventsForHierarchy(EventDispatchThread.java:190)
	at java.awt.EventDispatchThread.pumpEvents(EventDispatchThread.java:185)
	at java.awt.EventDispatchThread.pumpEvents(EventDispatchThread.java:177)
	at java.awt.EventDispatchThread.run(EventDispatchThread.java:138)
154982 [AWT-EventQueue-0] INFO  ca.sqlpower.util.ExceptionReport  - Posting error report to SQL Power at URL <http://bugs.sqlpower.ca/architect/postReport>
158473 [AWT-EventQueue-0] ERROR ca.sqlpower.util.ExceptionReport  - Couldn't send exception report to <"http://bugs.sqlpower.ca/architect/postReport">
java.net.SocketTimeoutException: connect timed out
	at java.net.PlainSocketImpl.socketConnect(Native Method)
	at java.net.AbstractPlainSocketImpl.doConnect(AbstractPlainSocketImpl.java:327)
	at java.net.AbstractPlainSocketImpl.connectToAddress(AbstractPlainSocketImpl.java:193)
	at java.net.AbstractPlainSocketImpl.connect(AbstractPlainSocketImpl.java:180)
	at java.net.SocksSocketImpl.connect(SocksSocketImpl.java:385)
	at java.net.Socket.connect(Socket.java:546)
	at sun.net.NetworkClient.doConnect(NetworkClient.java:173)
	at sun.net.www.http.HttpClient.openServer(HttpClient.java:409)
	at sun.net.www.http.HttpClient.openServer(HttpClient.java:530)
	at sun.net.www.http.HttpClient.<init>(HttpClient.java:240)
	at sun.net.www.http.HttpClient.New(HttpClient.java:321)
	at sun.net.www.http.HttpClient.New(HttpClient.java:338)
	at sun.net.www.protocol.http.HttpURLConnection.getNewHttpClient(HttpURLConnection.java:935)
	at sun.net.www.protocol.http.HttpURLConnection.plainConnect(HttpURLConnection.java:876)
	at sun.net.www.protocol.http.HttpURLConnection.connect(HttpURLConnection.java:801)
	at ca.sqlpower.util.ExceptionReport.send(ExceptionReport.java:283)
	at ca.sqlpower.architect.swingui.ExceptionHandler.handleAndReport(ExceptionHandler.java:118)
	at ca.sqlpower.architect.swingui.ExceptionHandler.uncaughtException(ExceptionHandler.java:75)
	at java.lang.ThreadGroup.uncaughtException(ThreadGroup.java:997)
	at java.lang.ThreadGroup.uncaughtException(ThreadGroup.java:992)
	at java.lang.Thread.dispatchUncaughtException(Thread.java:1888)
